2025-10-20 15:42:39, MOVE, v:1, k:poo@motoca, mode:DOWN
2025-10-20 15:42:39, MOVE, v:1, k:poo@motoca, mode:PICK
2025-10-20 15:42:42, EXEC, v:1, k:poo@motoca, mode:FULL, rate:0, size:0
2025-10-20 15:42:44, EXEC, v:1, k:poo@motoca, mode:FULL, rate:0
2025-10-20 15:42:45, EXEC, v:1, k:poo@motoca, mode:FULL, rate:0
2025-10-20 15:42:46, EXEC, v:1, k:poo@motoca, mode:FULL, rate:0
2025-10-20 15:42:48, EXEC, v:1, k:poo@motoca, mode:FULL, rate:0
2025-10-20 15:42:50, MOVE, v:1, k:poo@motoca, mode:BACK
2025-10-20 16:06:25, MOVE, v:1, k:poo@motoca, mode:PICK
2025-10-20 16:06:27, EXEC, v:1, k:poo@motoca, mode:FULL, rate:0, size:44
2025-10-20 16:10:42, EXEC, v:1, k:poo@motoca, mode:FULL, rate:0, size:44
2025-10-20 16:13:55, EXEC, v:1, k:poo@motoca, mode:FULL, rate:0, size:44
2025-10-20 16:14:53, EXEC, v:1, k:poo@motoca, mode:FULL, rate:0, size:44
2025-10-20 16:18:02, EXEC, v:1, k:poo@motoca, mode:FULL, rate:0, size:47
2025-10-20 16:18:35, EXEC, v:1, k:poo@motoca, mode:FULL, rate:0, size:47
2025-10-20 16:18:58, EXEC, v:1, k:poo@motoca, mode:FULL, rate:0, size:48
2025-10-20 16:19:23, EXEC, v:1, k:poo@motoca, mode:FULL, rate:0, size:48
2025-10-20 16:20:08, EXEC, v:1, k:poo@motoca, mode:FULL, rate:0
2025-10-20 16:21:01, EXEC, v:1, k:poo@motoca, mode:FULL, rate:0, size:48
2025-10-20 16:21:13, EXEC, v:1, k:poo@motoca, mode:FULL, rate:0, size:48
2025-10-20 16:22:30, EXEC, v:1, k:poo@motoca, mode:FULL, rate:0, size:47
2025-10-20 16:22:46, EXEC, v:1, k:poo@motoca, mode:FULL, rate:0, size:49
2025-10-20 16:23:29, EXEC, v:1, k:poo@motoca, mode:FULL, rate:6, size:49
2025-10-20 16:28:10, EXEC, v:1, k:poo@motoca, mode:FULL, rate:6, size:53
2025-10-20 16:29:35, EXEC, v:1, k:poo@motoca, mode:FULL, rate:6
2025-10-20 16:32:56, EXEC, v:1, k:poo@motoca, mode:FULL, rate:6, size:54
2025-10-20 16:34:03, EXEC, v:1, k:poo@motoca, mode:FULL, rate:6, size:54
2025-10-20 16:42:13, EXEC, v:1, k:poo@motoca, mode:FULL, rate:6, size:54
2025-10-20 16:44:55, EXEC, v:1, k:poo@motoca, mode:FULL, rate:6, size:54
2025-10-20 16:45:47, EXEC, v:1, k:poo@motoca, mode:FULL, rate:6, size:54
2025-10-20 16:47:13, EXEC, v:1, k:poo@motoca, mode:FULL, rate:6, size:54
2025-10-20 16:48:10, EXEC, v:1, k:poo@motoca, mode:FULL, rate:20, size:54
2025-10-20 16:55:21, EXEC, v:1, k:poo@motoca, mode:FULL, rate:33, size:61
2025-10-20 17:01:06, EXEC, v:1, k:poo@motoca, mode:FULL, rate:0, size:70
2025-10-20 17:01:36, EXEC, v:1, k:poo@motoca, mode:FULL, rate:33, size:70
2025-10-20 17:02:22, EXEC, v:1, k:poo@motoca, mode:FULL, rate:33, size:70
2025-10-20 17:03:19, EXEC, v:1, k:poo@motoca, mode:FULL, rate:33
2025-10-20 17:04:27, EXEC, v:1, k:poo@motoca, mode:FULL, rate:53, size:70
2025-10-20 17:07:55, EXEC, v:1, k:poo@motoca, mode:FULL, rate:53, size:76
2025-10-20 17:08:15, EXEC, v:1, k:poo@motoca, mode:FULL, rate:60, size:76
