2025-10-07 15:40:18, MOVE, v:1, k:poo@camisa, mode:DOWN
2025-10-07 16:00:04, MOVE, v:1, k:poo@camisa, mode:PICK
2025-10-07 16:00:05, EXEC, v:1, k:poo@camisa, mode:FREE, size:22
2025-10-07 16:13:19, MOVE, v:1, k:poo@camisa, mode:BACK
2025-10-07 16:13:29, MOVE, v:1, k:poo@camisa, mode:PICK
2025-10-07 16:13:31, EXEC, v:1, k:poo@camisa, mode:FREE, size:23
2025-10-07 16:43:48, MOVE, v:1, k:poo@camisa, mode:BACK
2025-10-07 16:45:51, MOVE, v:1, k:poo@roupa, mode:DOWN
2025-10-07 16:59:11, MOVE, v:1, k:poo@roupa, mode:PICK
2025-10-07 16:59:13, EXEC, v:1, k:poo@roupa, mode:FULL, rate:0, size:32
2025-10-07 16:59:35, EXEC, v:1, k:poo@roupa, mode:FULL, rate:0, size:32
2025-10-07 17:03:53, EXEC, v:1, k:poo@roupa, mode:FULL, rate:0, size:31
2025-10-07 17:03:55, EXEC, v:1, k:poo@roupa, mode:FULL, rate:0
2025-10-07 17:06:13, EXEC, v:1, k:poo@roupa, mode:FULL, rate:0, size:29
2025-10-07 17:10:53, EXEC, v:1, k:poo@roupa, mode:FULL, rate:0, size:29
2025-10-07 17:12:38, EXEC, v:1, k:poo@roupa, mode:FULL, rate:0, size:29
2025-10-07 17:14:24, EXEC, v:1, k:poo@roupa, mode:FULL, rate:0, size:31
2025-10-07 17:14:26, EXEC, v:1, k:poo@roupa, mode:FULL, rate:0
2025-10-07 17:14:27, EXEC, v:1, k:poo@roupa, mode:FULL, rate:0
2025-10-07 17:14:27, EXEC, v:1, k:poo@roupa, mode:FULL, rate:0
2025-10-07 17:14:27, EXEC, v:1, k:poo@roupa, mode:FULL, rate:0
2025-10-07 17:14:27, EXEC, v:1, k:poo@roupa, mode:FULL, rate:0
2025-10-07 17:18:08, MOVE, v:1, k:poo@roupa, mode:PICK
2025-10-07 17:18:09, EXEC, v:1, k:poo@roupa, mode:FULL, rate:0, size:34
2025-10-07 17:19:47, EXEC, v:1, k:poo@roupa, mode:FULL, rate:0, size:33
2025-10-07 17:19:55, EXEC, v:1, k:poo@roupa, mode:FULL, rate:0
2025-10-07 17:19:56, EXEC, v:1, k:poo@roupa, mode:FULL, rate:0
2025-10-07 17:20:19, EXEC, v:1, k:poo@roupa, mode:FULL, rate:0, size:33
